ARM GAS  C:\Users\ADMINI~1\AppData\Local\Temp\cc5Lmr6n.s 			page 1


   1              	# 1 "user/startup_stm32f10x_md.s"
   1              	/**
   0              	
   0              	
   0              	
   2              	***************************************************************************************************
   3              	*                                      (c) Copyright 2024-2032
   4              	*                                         All Rights Reserved
   5              	* @By      : liwei
   6              	***************************************************************************************************
   7              	**/
   8              	    
   9              	  .syntax unified
  10              		.cpu cortex-m3
  11              		.fpu softvfp
  12              		.thumb
  13              	
  14              	.global	g_pfnVectors
  15              	.global	Default_Handler
  16              	
  17              	/* start address for the initialization values of the . defined in linker script */
  18 0000 00000000 	.word	_sidata
  19 0004 00000000 	.word	_sdata
  20 0008 00000000 	.word	_edata
  21 000c 00000000 	.word	_sbss
  22 0010 00000000 	.word	_ebss
  23              	
  24              	.equ  BootRAM, 0xF108F85F
  25              	
  26              	/******************************************************************************
  27              	复位启动函数Reset_Handler 
  28              	******************************************************************************/ 
  29              	    .section	.text.Reset_Handler
  30              		.weak	Reset_Handler
  31              		.type	Reset_Handler, %function
  32              	Reset_Handler:	
  33              	
  34              	/* 将初始化数据段器从FLASH复制到SRAM*/  
  35 0000 0021     	  movs	r1, #0
  36 0002 03E0     	  b	LoopCopyDataInit
  37              	
  38              	CopyDataInit:
  39 0004 094B     		ldr	r3, =_sidata
  40 0006 5B58     		ldr	r3, [r3, r1]
  41 0008 4350     		str	r3, [r0, r1]
  42 000a 0431     		adds	r1, r1, #4
  43              	    
  44              	LoopCopyDataInit:
  45 000c 0848     		ldr	r0, =_sdata
  46 000e 094B     		ldr	r3, =_edata
  47 0010 4218     		adds	r2, r0, r1
  48 0012 9A42     		cmp	r2, r3
  49 0014 F6D3     		bcc	CopyDataInit
  50 0016 084A     		ldr	r2, =_sbss
  51 0018 02E0     		b	LoopFillZerobss
  52              	/* 初始化 bss */  
  53              	FillZerobss:
ARM GAS  C:\Users\ADMINI~1\AppData\Local\Temp\cc5Lmr6n.s 			page 2


  54 001a 0023     		movs	r3, #0
  55 001c 42F8043B 		str	r3, [r2], #4
  56              	    
  57              	LoopFillZerobss:
  58 0020 064B     		ldr	r3, = _ebss
  59 0022 9A42     		cmp	r2, r3
  60 0024 F9D3     		bcc	FillZerobss
  61              	/* 跳转到main函数*/
  62 0026 FFF7FEFF 		bl	main
  63 002a 7047     		bx	lr    
  64              	.size	Reset_Handler, .-Reset_Handler
  65              	
  66              	/******************************************************************************
  67              	默认中断代替函数
  68              	******************************************************************************/ 
  69              	    .section	.text.Default_Handler,"ax",%progbits
  70              	Default_Handler:
  71              	Infinite_Loop:
  72 0000 FEE7     		b	Infinite_Loop
  73              		.size	Default_Handler, .-Default_Handler
  74              	/******************************************************************************
  75              	向量表 
  76              	******************************************************************************/    
  77              	 	.section	.isr_vector,"a",%progbits
  78              		.type	g_pfnVectors, %object
  79              		.size	g_pfnVectors, .-g_pfnVectors
  80              	    
  81              	    
  82              	g_pfnVectors:
  83 0000 00000000 		.word	_estack
  84 0004 00000000 		.word	Reset_Handler
  85 0008 00000000 		.word	NMI_Handler
  86 000c 00000000 		.word	HardFault_Handler
  87 0010 00000000 		.word	MemManage_Handler
  88 0014 00000000 		.word	BusFault_Handler
  89 0018 00000000 		.word	UsageFault_Handler
  90 001c 00000000 		.word	0
  91 0020 00000000 		.word	0
  92 0024 00000000 		.word	0
  93 0028 00000000 		.word	0
  94 002c 00000000 		.word	SVC_Handler
  95 0030 00000000 		.word	DebugMon_Handler
  96 0034 00000000 		.word	0
  97 0038 00000000 		.word	PendSV_Handler
  98 003c 00000000 		.word	SysTick_Handler
  99 0040 00000000 		.word	WWDG_IRQHandler
 100 0044 00000000 		.word	PVD_IRQHandler
 101 0048 00000000 		.word	TAMPER_IRQHandler
 102 004c 00000000 		.word	RTC_IRQHandler
 103 0050 00000000 		.word	FLASH_IRQHandler
 104 0054 00000000 		.word	RCC_IRQHandler
 105 0058 00000000 		.word	EXTI0_IRQHandler
 106 005c 00000000 		.word	EXTI1_IRQHandler
 107 0060 00000000 		.word	EXTI2_IRQHandler
 108 0064 00000000 		.word	EXTI3_IRQHandler
 109 0068 00000000 		.word	EXTI4_IRQHandler
 110 006c 00000000 		.word	DMA1_Channel1_IRQHandler
ARM GAS  C:\Users\ADMINI~1\AppData\Local\Temp\cc5Lmr6n.s 			page 3


 111 0070 00000000 		.word	DMA1_Channel2_IRQHandler
 112 0074 00000000 		.word	DMA1_Channel3_IRQHandler
 113 0078 00000000 		.word	DMA1_Channel4_IRQHandler
 114 007c 00000000 		.word	DMA1_Channel5_IRQHandler
 115 0080 00000000 		.word	DMA1_Channel6_IRQHandler
 116 0084 00000000 		.word	DMA1_Channel7_IRQHandler
 117 0088 00000000 		.word	ADC1_2_IRQHandler
 118 008c 00000000 		.word	USB_HP_CAN1_TX_IRQHandler
 119 0090 00000000 		.word	USB_LP_CAN1_RX0_IRQHandler
 120 0094 00000000 		.word	CAN1_RX1_IRQHandler
 121 0098 00000000 		.word	CAN1_SCE_IRQHandler
 122 009c 00000000 		.word	EXTI9_5_IRQHandler
 123 00a0 00000000 		.word	TIM1_BRK_IRQHandler
 124 00a4 00000000 		.word	TIM1_UP_IRQHandler
 125 00a8 00000000 		.word	TIM1_TRG_COM_IRQHandler
 126 00ac 00000000 		.word	TIM1_CC_IRQHandler
 127 00b0 00000000 		.word	TIM2_IRQHandler
 128 00b4 00000000 		.word	TIM3_IRQHandler
 129 00b8 00000000 		.word	TIM4_IRQHandler
 130 00bc 00000000 		.word	I2C1_EV_IRQHandler
 131 00c0 00000000 		.word	I2C1_ER_IRQHandler
 132 00c4 00000000 		.word	I2C2_EV_IRQHandler
 133 00c8 00000000 		.word	I2C2_ER_IRQHandler
 134 00cc 00000000 		.word	SPI1_IRQHandler
 135 00d0 00000000 		.word	SPI2_IRQHandler
 136 00d4 00000000 		.word	USART1_IRQHandler
 137 00d8 00000000 		.word	USART2_IRQHandler
 138 00dc 00000000 		.word	USART3_IRQHandler
 139 00e0 00000000 		.word	EXTI15_10_IRQHandler
 140 00e4 00000000 		.word	RTCAlarm_IRQHandler
 141 00e8 00000000 		.word	USBWakeUp_IRQHandler	
 142 00ec 00000000 	  .word	0
 143 00f0 00000000 		.word	0
 144 00f4 00000000 		.word	0
 145 00f8 00000000 		.word	0
 146 00fc 00000000 		.word	0
 147 0100 00000000 		.word	0
 148 0104 00000000 		.word	0
 149 0108 5FF808F1 		.word	BootRAM         
 150              	/*******************************************************************************
 151              	*
 152              	* Provide weak aliases for each Exception handler to the Default_Handler. 
 153              	* As they are weak aliases, any function with the same name will override 
 154              	* this definition.
 155              	*
 156              	*******************************************************************************/
 157              	    
 158              	  .weak	NMI_Handler
 159              		.thumb_set NMI_Handler,Default_Handler
 160              		
 161              	  .weak	HardFault_Handler
 162              		.thumb_set HardFault_Handler,Default_Handler
 163              		
 164              	  .weak	MemManage_Handler
 165              		.thumb_set MemManage_Handler,Default_Handler
 166              		
 167              	  .weak	BusFault_Handler
ARM GAS  C:\Users\ADMINI~1\AppData\Local\Temp\cc5Lmr6n.s 			page 4


 168              		.thumb_set BusFault_Handler,Default_Handler
 169              	
 170              		.weak	UsageFault_Handler
 171              		.thumb_set UsageFault_Handler,Default_Handler
 172              	
 173              		.weak	SVC_Handler
 174              		.thumb_set SVC_Handler,Default_Handler
 175              	
 176              		.weak	DebugMon_Handler
 177              		.thumb_set DebugMon_Handler,Default_Handler
 178              	
 179              		.weak	PendSV_Handler
 180              		.thumb_set PendSV_Handler,Default_Handler
 181              	
 182              		.weak	SysTick_Handler
 183              		.thumb_set SysTick_Handler,Default_Handler
 184              	
 185              		.weak	WWDG_IRQHandler
 186              		.thumb_set WWDG_IRQHandler,Default_Handler
 187              	
 188              		.weak	PVD_IRQHandler
 189              		.thumb_set PVD_IRQHandler,Default_Handler
 190              	
 191              		.weak	TAMPER_IRQHandler
 192              		.thumb_set TAMPER_IRQHandler,Default_Handler
 193              	
 194              		.weak	RTC_IRQHandler
 195              		.thumb_set RTC_IRQHandler,Default_Handler
 196              	
 197              		.weak	FLASH_IRQHandler
 198              		.thumb_set FLASH_IRQHandler,Default_Handler
 199              	
 200              		.weak	RCC_IRQHandler
 201              		.thumb_set RCC_IRQHandler,Default_Handler
 202              	
 203              		.weak	EXTI0_IRQHandler
 204              		.thumb_set EXTI0_IRQHandler,Default_Handler
 205              	
 206              		.weak	EXTI1_IRQHandler
 207              		.thumb_set EXTI1_IRQHandler,Default_Handler
 208              	
 209              		.weak	EXTI2_IRQHandler
 210              		.thumb_set EXTI2_IRQHandler,Default_Handler
 211              	
 212              		.weak	EXTI3_IRQHandler
 213              		.thumb_set EXTI3_IRQHandler,Default_Handler
 214              	
 215              		.weak	EXTI4_IRQHandler
 216              		.thumb_set EXTI4_IRQHandler,Default_Handler
 217              	
 218              		.weak	DMA1_Channel1_IRQHandler
 219              		.thumb_set DMA1_Channel1_IRQHandler,Default_Handler
 220              	
 221              		.weak	DMA1_Channel2_IRQHandler
 222              		.thumb_set DMA1_Channel2_IRQHandler,Default_Handler
 223              	
 224              		.weak	DMA1_Channel3_IRQHandler
ARM GAS  C:\Users\ADMINI~1\AppData\Local\Temp\cc5Lmr6n.s 			page 5


 225              		.thumb_set DMA1_Channel3_IRQHandler,Default_Handler
 226              	
 227              		.weak	DMA1_Channel4_IRQHandler
 228              		.thumb_set DMA1_Channel4_IRQHandler,Default_Handler
 229              	
 230              		.weak	DMA1_Channel5_IRQHandler
 231              		.thumb_set DMA1_Channel5_IRQHandler,Default_Handler
 232              	
 233              		.weak	DMA1_Channel6_IRQHandler
 234              		.thumb_set DMA1_Channel6_IRQHandler,Default_Handler
 235              	
 236              		.weak	DMA1_Channel7_IRQHandler
 237              		.thumb_set DMA1_Channel7_IRQHandler,Default_Handler
 238              	
 239              		.weak	ADC1_2_IRQHandler
 240              		.thumb_set ADC1_2_IRQHandler,Default_Handler
 241              	
 242              		.weak	USB_HP_CAN1_TX_IRQHandler
 243              		.thumb_set USB_HP_CAN1_TX_IRQHandler,Default_Handler
 244              	
 245              		.weak	USB_LP_CAN1_RX0_IRQHandler
 246              		.thumb_set USB_LP_CAN1_RX0_IRQHandler,Default_Handler
 247              	
 248              		.weak	CAN1_RX1_IRQHandler
 249              		.thumb_set CAN1_RX1_IRQHandler,Default_Handler
 250              	
 251              		.weak	CAN1_SCE_IRQHandler
 252              		.thumb_set CAN1_SCE_IRQHandler,Default_Handler
 253              	
 254              		.weak	EXTI9_5_IRQHandler
 255              		.thumb_set EXTI9_5_IRQHandler,Default_Handler
 256              	
 257              		.weak	TIM1_BRK_IRQHandler
 258              		.thumb_set TIM1_BRK_IRQHandler,Default_Handler
 259              	
 260              		.weak	TIM1_UP_IRQHandler
 261              		.thumb_set TIM1_UP_IRQHandler,Default_Handler
 262              	
 263              		.weak	TIM1_TRG_COM_IRQHandler
 264              		.thumb_set TIM1_TRG_COM_IRQHandler,Default_Handler
 265              	
 266              		.weak	TIM1_CC_IRQHandler
 267              		.thumb_set TIM1_CC_IRQHandler,Default_Handler
 268              	
 269              		.weak	TIM2_IRQHandler
 270              		.thumb_set TIM2_IRQHandler,Default_Handler
 271              	
 272              		.weak	TIM3_IRQHandler
 273              		.thumb_set TIM3_IRQHandler,Default_Handler
 274              	
 275              		.weak	TIM4_IRQHandler
 276              		.thumb_set TIM4_IRQHandler,Default_Handler
 277              	
 278              		.weak	I2C1_EV_IRQHandler
 279              		.thumb_set I2C1_EV_IRQHandler,Default_Handler
 280              	
 281              		.weak	I2C1_ER_IRQHandler
ARM GAS  C:\Users\ADMINI~1\AppData\Local\Temp\cc5Lmr6n.s 			page 6


 282              		.thumb_set I2C1_ER_IRQHandler,Default_Handler
 283              	
 284              		.weak	I2C2_EV_IRQHandler
 285              		.thumb_set I2C2_EV_IRQHandler,Default_Handler
 286              	
 287              		.weak	I2C2_ER_IRQHandler
 288              		.thumb_set I2C2_ER_IRQHandler,Default_Handler
 289              	
 290              		.weak	SPI1_IRQHandler
 291              		.thumb_set SPI1_IRQHandler,Default_Handler
 292              	
 293              		.weak	SPI2_IRQHandler
 294              		.thumb_set SPI2_IRQHandler,Default_Handler
 295              	
 296              		.weak	USART1_IRQHandler
 297              		.thumb_set USART1_IRQHandler,Default_Handler
 298              	
 299              		.weak	USART2_IRQHandler
 300              		.thumb_set USART2_IRQHandler,Default_Handler
 301              	
 302              		.weak	USART3_IRQHandler
 303              		.thumb_set USART3_IRQHandler,Default_Handler
 304              	
 305              		.weak	EXTI15_10_IRQHandler
 306              		.thumb_set EXTI15_10_IRQHandler,Default_Handler
 307              	
 308              		.weak	RTCAlarm_IRQHandler
 309              		.thumb_set RTCAlarm_IRQHandler,Default_Handler
 310              	
 311              		.weak	USBWakeUp_IRQHandler
 312              		.thumb_set USBWakeUp_IRQHandler,Default_Handler
ARM GAS  C:\Users\ADMINI~1\AppData\Local\Temp\cc5Lmr6n.s 			page 7


DEFINED SYMBOLS
user/startup_stm32f10x_md.s:82     .isr_vector:00000000 g_pfnVectors
user/startup_stm32f10x_md.s:70     .text.Default_Handler:00000000 Default_Handler
user/startup_stm32f10x_md.s:24     *ABS*:f108f85f BootRAM
user/startup_stm32f10x_md.s:32     .text.Reset_Handler:00000000 Reset_Handler
user/startup_stm32f10x_md.s:35     .text.Reset_Handler:00000000 $t
user/startup_stm32f10x_md.s:44     .text.Reset_Handler:0000000c LoopCopyDataInit
user/startup_stm32f10x_md.s:38     .text.Reset_Handler:00000004 CopyDataInit
user/startup_stm32f10x_md.s:57     .text.Reset_Handler:00000020 LoopFillZerobss
user/startup_stm32f10x_md.s:53     .text.Reset_Handler:0000001a FillZerobss
user/startup_stm32f10x_md.s:71     .text.Default_Handler:00000000 Infinite_Loop
user/startup_stm32f10x_md.s:72     .text.Default_Handler:00000000 $t
user/startup_stm32f10x_md.s:70     .text.Default_Handler:00000000 NMI_Handler
user/startup_stm32f10x_md.s:70     .text.Default_Handler:00000000 HardFault_Handler
user/startup_stm32f10x_md.s:70     .text.Default_Handler:00000000 MemManage_Handler
user/startup_stm32f10x_md.s:70     .text.Default_Handler:00000000 BusFault_Handler
user/startup_stm32f10x_md.s:70     .text.Default_Handler:00000000 UsageFault_Handler
user/startup_stm32f10x_md.s:70     .text.Default_Handler:00000000 SVC_Handler
user/startup_stm32f10x_md.s:70     .text.Default_Handler:00000000 DebugMon_Handler
user/startup_stm32f10x_md.s:70     .text.Default_Handler:00000000 PendSV_Handler
user/startup_stm32f10x_md.s:70     .text.Default_Handler:00000000 SysTick_Handler
user/startup_stm32f10x_md.s:70     .text.Default_Handler:00000000 WWDG_IRQHandler
user/startup_stm32f10x_md.s:70     .text.Default_Handler:00000000 PVD_IRQHandler
user/startup_stm32f10x_md.s:70     .text.Default_Handler:00000000 TAMPER_IRQHandler
user/startup_stm32f10x_md.s:70     .text.Default_Handler:00000000 RTC_IRQHandler
user/startup_stm32f10x_md.s:70     .text.Default_Handler:00000000 FLASH_IRQHandler
user/startup_stm32f10x_md.s:70     .text.Default_Handler:00000000 RCC_IRQHandler
user/startup_stm32f10x_md.s:70     .text.Default_Handler:00000000 EXTI0_IRQHandler
user/startup_stm32f10x_md.s:70     .text.Default_Handler:00000000 EXTI1_IRQHandler
user/startup_stm32f10x_md.s:70     .text.Default_Handler:00000000 EXTI2_IRQHandler
user/startup_stm32f10x_md.s:70     .text.Default_Handler:00000000 EXTI3_IRQHandler
user/startup_stm32f10x_md.s:70     .text.Default_Handler:00000000 EXTI4_IRQHandler
user/startup_stm32f10x_md.s:70     .text.Default_Handler:00000000 DMA1_Channel1_IRQHandler
user/startup_stm32f10x_md.s:70     .text.Default_Handler:00000000 DMA1_Channel2_IRQHandler
user/startup_stm32f10x_md.s:70     .text.Default_Handler:00000000 DMA1_Channel3_IRQHandler
user/startup_stm32f10x_md.s:70     .text.Default_Handler:00000000 DMA1_Channel4_IRQHandler
user/startup_stm32f10x_md.s:70     .text.Default_Handler:00000000 DMA1_Channel5_IRQHandler
user/startup_stm32f10x_md.s:70     .text.Default_Handler:00000000 DMA1_Channel6_IRQHandler
user/startup_stm32f10x_md.s:70     .text.Default_Handler:00000000 DMA1_Channel7_IRQHandler
user/startup_stm32f10x_md.s:70     .text.Default_Handler:00000000 ADC1_2_IRQHandler
user/startup_stm32f10x_md.s:70     .text.Default_Handler:00000000 USB_HP_CAN1_TX_IRQHandler
user/startup_stm32f10x_md.s:70     .text.Default_Handler:00000000 USB_LP_CAN1_RX0_IRQHandler
user/startup_stm32f10x_md.s:70     .text.Default_Handler:00000000 CAN1_RX1_IRQHandler
user/startup_stm32f10x_md.s:70     .text.Default_Handler:00000000 CAN1_SCE_IRQHandler
user/startup_stm32f10x_md.s:70     .text.Default_Handler:00000000 EXTI9_5_IRQHandler
user/startup_stm32f10x_md.s:70     .text.Default_Handler:00000000 TIM1_BRK_IRQHandler
user/startup_stm32f10x_md.s:70     .text.Default_Handler:00000000 TIM1_UP_IRQHandler
user/startup_stm32f10x_md.s:70     .text.Default_Handler:00000000 TIM1_TRG_COM_IRQHandler
user/startup_stm32f10x_md.s:70     .text.Default_Handler:00000000 TIM1_CC_IRQHandler
user/startup_stm32f10x_md.s:70     .text.Default_Handler:00000000 TIM2_IRQHandler
user/startup_stm32f10x_md.s:70     .text.Default_Handler:00000000 TIM3_IRQHandler
user/startup_stm32f10x_md.s:70     .text.Default_Handler:00000000 TIM4_IRQHandler
user/startup_stm32f10x_md.s:70     .text.Default_Handler:00000000 I2C1_EV_IRQHandler
user/startup_stm32f10x_md.s:70     .text.Default_Handler:00000000 I2C1_ER_IRQHandler
user/startup_stm32f10x_md.s:70     .text.Default_Handler:00000000 I2C2_EV_IRQHandler
user/startup_stm32f10x_md.s:70     .text.Default_Handler:00000000 I2C2_ER_IRQHandler
user/startup_stm32f10x_md.s:70     .text.Default_Handler:00000000 SPI1_IRQHandler
ARM GAS  C:\Users\ADMINI~1\AppData\Local\Temp\cc5Lmr6n.s 			page 8


user/startup_stm32f10x_md.s:70     .text.Default_Handler:00000000 SPI2_IRQHandler
user/startup_stm32f10x_md.s:70     .text.Default_Handler:00000000 USART1_IRQHandler
user/startup_stm32f10x_md.s:70     .text.Default_Handler:00000000 USART2_IRQHandler
user/startup_stm32f10x_md.s:70     .text.Default_Handler:00000000 USART3_IRQHandler
user/startup_stm32f10x_md.s:70     .text.Default_Handler:00000000 EXTI15_10_IRQHandler
user/startup_stm32f10x_md.s:70     .text.Default_Handler:00000000 RTCAlarm_IRQHandler
user/startup_stm32f10x_md.s:70     .text.Default_Handler:00000000 USBWakeUp_IRQHandler
user/startup_stm32f10x_md.s:312    .text.Reset_Handler:0000002c $d
                            .text:00000000 $d

UNDEFINED SYMBOLS
_sidata
_sdata
_edata
_sbss
_ebss
main
_estack
